<?xml version="1.0" encoding="UTF-8"?>
<!-- Generated by org.testng.reporters.JUnitReportReporter -->
<testsuite hostname="Razan" failures="0" tests="5" name="magentoWebsiteTesting.MyFirstTest" time="13.810" errors="0" timestamp="2024-09-16T06:09:42 AST" skipped="2">
  <testcase classname="magentoWebsiteTesting.MyFirstTest" name="CreatAnAccount" time="5.325"/>
  <system-out/>
  <testcase classname="magentoWebsiteTesting.MyFirstTest" name="logout" time="1.576"/>
  <system-out/>
  <testcase classname="magentoWebsiteTesting.MyFirstTest" name="loginTest" time="6.909"/>
  <system-out/>
  <testcase classname="magentoWebsiteTesting.MyFirstTest" name="AddWomenItem">
    <skipped/>
  </testcase> <!-- AddWomenItem -->
  <system-out/>
  <testcase classname="magentoWebsiteTesting.MyFirstTest" name="AddMenItem">
    <skipped/>
  </testcase> <!-- AddMenItem -->
  <system-out/>
</testsuite> <!-- magentoWebsiteTesting.MyFirstTest -->
